2018-02-28 14:46:07,837 [main] WARN  service.ForwardService - forwardCrawl error:error
2018-02-28 14:46:37,313 [main] WARN  service.ForwardService - forwardCrawl error:error
2018-03-22 11:14:13,870 [main] WARN  util.MyStaticValue - not find library.properties in classpath use it by default !
2018-03-22 11:14:13,874 [main] ERROR library.AmbiguityLibrary - Init ambiguity library error :org.ansj.exception.LibraryException:  path :library/ambiguity.dic file:D:\project\newscertify\source\newsverify.com\NewsCertify-Common\library\ambiguity.dic not found or can not to read, path: library/ambiguity.dic
2018-03-22 11:14:13,875 [main] ERROR library.DicLibrary - Init dic library error :org.ansj.exception.LibraryException:  path :library/default.dic file:D:\project\newscertify\source\newsverify.com\NewsCertify-Common\library\default.dic not found or can not to read, path: library/default.dic
2018-03-22 11:17:37,660 [main] WARN  util.MyStaticValue - not find library.properties in classpath use it by default !
2018-03-22 11:17:37,664 [main] ERROR library.AmbiguityLibrary - Init ambiguity library error :org.ansj.exception.LibraryException:  path :library/ambiguity.dic file:D:\project\newscertify\source\newsverify.com\NewsCertify-Common\library\ambiguity.dic not found or can not to read, path: library/ambiguity.dic
2018-03-22 11:17:37,664 [main] ERROR library.DicLibrary - Init dic library error :org.ansj.exception.LibraryException:  path :library/default.dic file:D:\project\newscertify\source\newsverify.com\NewsCertify-Common\library\default.dic not found or can not to read, path: library/default.dic
2018-03-22 11:32:17,893 [main] WARN  util.MyStaticValue - not find library.properties in classpath use it by default !
2018-03-22 11:32:17,898 [main] ERROR library.AmbiguityLibrary - Init ambiguity library error :org.ansj.exception.LibraryException:  path :library/ambiguity.dic file:D:\project\newscertify\source\newsverify.com\NewsCertify-Common\library\ambiguity.dic not found or can not to read, path: library/ambiguity.dic
2018-03-22 11:32:17,898 [main] ERROR library.DicLibrary - Init dic library error :org.ansj.exception.LibraryException:  path :library/default.dic file:D:\project\newscertify\source\newsverify.com\NewsCertify-Common\library\default.dic not found or can not to read, path: library/default.dic
2018-10-12 16:10:18,111 [main] WARN  util.MyStaticValue - not find library.properties in classpath use it by default !
2018-10-12 16:10:18,151 [main] ERROR library.AmbiguityLibrary - Init ambiguity library error :org.ansj.exception.LibraryException:  path :library/ambiguity.dic file:D:\javaworkspace\NewsCertify-Common\library\ambiguity.dic not found or can not to read, path: library/ambiguity.dic
2018-10-12 16:10:18,154 [main] ERROR library.DicLibrary - Init dic library error :org.ansj.exception.LibraryException:  path :library/default.dic file:D:\javaworkspace\NewsCertify-Common\library\default.dic not found or can not to read, path: library/default.dic
2018-10-12 16:12:29,394 [main] WARN  util.MyStaticValue - not find library.properties in classpath use it by default !
2018-10-12 16:12:29,408 [main] ERROR library.AmbiguityLibrary - Init ambiguity library error :org.ansj.exception.LibraryException:  path :library/ambiguity.dic file:D:\javaworkspace\NewsCertify-Common\library\ambiguity.dic not found or can not to read, path: library/ambiguity.dic
2018-10-12 16:12:29,409 [main] ERROR library.DicLibrary - Init dic library error :org.ansj.exception.LibraryException:  path :library/default.dic file:D:\javaworkspace\NewsCertify-Common\library\default.dic not found or can not to read, path: library/default.dic
2018-10-12 16:14:11,022 [main] WARN  util.MyStaticValue - not find library.properties in classpath use it by default !
2018-10-12 16:14:11,036 [main] ERROR library.AmbiguityLibrary - Init ambiguity library error :org.ansj.exception.LibraryException:  path :library/ambiguity.dic file:D:\javaworkspace\NewsCertify-Common\library\ambiguity.dic not found or can not to read, path: library/ambiguity.dic
2018-10-12 16:14:11,037 [main] ERROR library.DicLibrary - Init dic library error :org.ansj.exception.LibraryException:  path :library/default.dic file:D:\javaworkspace\NewsCertify-Common\library\default.dic not found or can not to read, path: library/default.dic
2018-10-12 16:14:28,865 [main] WARN  util.MyStaticValue - not find library.properties in classpath use it by default !
2018-10-12 16:14:28,879 [main] ERROR library.AmbiguityLibrary - Init ambiguity library error :org.ansj.exception.LibraryException:  path :library/ambiguity.dic file:D:\javaworkspace\NewsCertify-Common\library\ambiguity.dic not found or can not to read, path: library/ambiguity.dic
2018-10-12 16:14:28,879 [main] ERROR library.DicLibrary - Init dic library error :org.ansj.exception.LibraryException:  path :library/default.dic file:D:\javaworkspace\NewsCertify-Common\library\default.dic not found or can not to read, path: library/default.dic
2018-10-12 16:14:43,882 [main] WARN  util.MyStaticValue - not find library.properties in classpath use it by default !
2018-10-12 16:14:43,895 [main] ERROR library.AmbiguityLibrary - Init ambiguity library error :org.ansj.exception.LibraryException:  path :library/ambiguity.dic file:D:\javaworkspace\NewsCertify-Common\library\ambiguity.dic not found or can not to read, path: library/ambiguity.dic
2018-10-12 16:14:43,896 [main] ERROR library.DicLibrary - Init dic library error :org.ansj.exception.LibraryException:  path :library/default.dic file:D:\javaworkspace\NewsCertify-Common\library\default.dic not found or can not to read, path: library/default.dic
2018-10-14 11:21:19,872 [main] WARN  util.MyStaticValue - not find library.properties in classpath use it by default !
2018-10-14 11:21:19,887 [main] ERROR library.AmbiguityLibrary - Init ambiguity library error :org.ansj.exception.LibraryException:  path :library/ambiguity.dic file:D:\javaworkspace\NewsCertify-Common\library\ambiguity.dic not found or can not to read, path: library/ambiguity.dic
2018-10-14 11:21:19,888 [main] ERROR library.DicLibrary - Init dic library error :org.ansj.exception.LibraryException:  path :library/default.dic file:D:\javaworkspace\NewsCertify-Common\library\default.dic not found or can not to read, path: library/default.dic
2018-10-14 13:37:47,936 [main] WARN  util.MyStaticValue - not find library.properties in classpath use it by default !
2018-10-14 13:37:47,940 [main] ERROR library.AmbiguityLibrary - Init ambiguity library error :org.ansj.exception.LibraryException:  path :library/ambiguity.dic file:D:\javaworkspace\NewsCertify-Common\library\ambiguity.dic not found or can not to read, path: library/ambiguity.dic
2018-10-14 13:37:47,941 [main] ERROR library.DicLibrary - Init dic library error :org.ansj.exception.LibraryException:  path :library/default.dic file:D:\javaworkspace\NewsCertify-Common\library\default.dic not found or can not to read, path: library/default.dic
2018-10-14 14:28:48,341 [main] WARN  util.MyStaticValue - not find library.properties in classpath use it by default !
2018-10-14 14:28:48,344 [main] ERROR library.AmbiguityLibrary - Init ambiguity library error :org.ansj.exception.LibraryException:  path :library/ambiguity.dic file:D:\javaworkspace\NewsCertify-Common\library\ambiguity.dic not found or can not to read, path: library/ambiguity.dic
2018-10-14 14:28:48,345 [main] ERROR library.DicLibrary - Init dic library error :org.ansj.exception.LibraryException:  path :library/default.dic file:D:\javaworkspace\NewsCertify-Common\library\default.dic not found or can not to read, path: library/default.dic
2018-10-14 14:31:29,323 [main] WARN  util.MyStaticValue - not find library.properties in classpath use it by default !
2018-10-14 14:31:29,327 [main] ERROR library.AmbiguityLibrary - Init ambiguity library error :org.ansj.exception.LibraryException:  path :library/ambiguity.dic file:D:\javaworkspace\NewsCertify-Common\library\ambiguity.dic not found or can not to read, path: library/ambiguity.dic
2018-10-14 14:31:29,327 [main] ERROR library.DicLibrary - Init dic library error :org.ansj.exception.LibraryException:  path :library/default.dic file:D:\javaworkspace\NewsCertify-Common\library\default.dic not found or can not to read, path: library/default.dic
2018-10-14 14:33:43,201 [main] WARN  util.MyStaticValue - not find library.properties in classpath use it by default !
2018-10-14 14:33:43,205 [main] ERROR library.AmbiguityLibrary - Init ambiguity library error :org.ansj.exception.LibraryException:  path :library/ambiguity.dic file:D:\javaworkspace\NewsCertify-Common\library\ambiguity.dic not found or can not to read, path: library/ambiguity.dic
2018-10-14 14:33:43,206 [main] ERROR library.DicLibrary - Init dic library error :org.ansj.exception.LibraryException:  path :library/default.dic file:D:\javaworkspace\NewsCertify-Common\library\default.dic not found or can not to read, path: library/default.dic
2018-10-14 14:36:18,341 [main] WARN  util.MyStaticValue - not find library.properties in classpath use it by default !
2018-10-14 14:36:18,345 [main] ERROR library.AmbiguityLibrary - Init ambiguity library error :org.ansj.exception.LibraryException:  path :library/ambiguity.dic file:D:\javaworkspace\NewsCertify-Common\library\ambiguity.dic not found or can not to read, path: library/ambiguity.dic
2018-10-14 14:36:18,346 [main] ERROR library.DicLibrary - Init dic library error :org.ansj.exception.LibraryException:  path :library/default.dic file:D:\javaworkspace\NewsCertify-Common\library\default.dic not found or can not to read, path: library/default.dic
2018-10-14 14:38:59,884 [main] WARN  util.MyStaticValue - not find library.properties in classpath use it by default !
2018-10-14 14:38:59,888 [main] ERROR library.AmbiguityLibrary - Init ambiguity library error :org.ansj.exception.LibraryException:  path :library/ambiguity.dic file:D:\javaworkspace\NewsCertify-Common\library\ambiguity.dic not found or can not to read, path: library/ambiguity.dic
2018-10-14 14:38:59,889 [main] ERROR library.DicLibrary - Init dic library error :org.ansj.exception.LibraryException:  path :library/default.dic file:D:\javaworkspace\NewsCertify-Common\library\default.dic not found or can not to read, path: library/default.dic
2018-10-14 14:39:31,676 [main] WARN  util.MyStaticValue - not find library.properties in classpath use it by default !
2018-10-14 14:39:31,680 [main] ERROR library.AmbiguityLibrary - Init ambiguity library error :org.ansj.exception.LibraryException:  path :library/ambiguity.dic file:D:\javaworkspace\NewsCertify-Common\library\ambiguity.dic not found or can not to read, path: library/ambiguity.dic
2018-10-14 14:39:31,681 [main] ERROR library.DicLibrary - Init dic library error :org.ansj.exception.LibraryException:  path :library/default.dic file:D:\javaworkspace\NewsCertify-Common\library\default.dic not found or can not to read, path: library/default.dic
2018-10-14 14:40:48,120 [main] WARN  util.MyStaticValue - not find library.properties in classpath use it by default !
2018-10-14 14:40:48,123 [main] ERROR library.AmbiguityLibrary - Init ambiguity library error :org.ansj.exception.LibraryException:  path :library/ambiguity.dic file:D:\javaworkspace\NewsCertify-Common\library\ambiguity.dic not found or can not to read, path: library/ambiguity.dic
2018-10-14 14:40:48,124 [main] ERROR library.DicLibrary - Init dic library error :org.ansj.exception.LibraryException:  path :library/default.dic file:D:\javaworkspace\NewsCertify-Common\library\default.dic not found or can not to read, path: library/default.dic
2018-10-14 14:40:58,829 [main] WARN  util.MyStaticValue - not find library.properties in classpath use it by default !
2018-10-14 14:40:58,832 [main] ERROR library.AmbiguityLibrary - Init ambiguity library error :org.ansj.exception.LibraryException:  path :library/ambiguity.dic file:D:\javaworkspace\NewsCertify-Common\library\ambiguity.dic not found or can not to read, path: library/ambiguity.dic
2018-10-14 14:40:58,833 [main] ERROR library.DicLibrary - Init dic library error :org.ansj.exception.LibraryException:  path :library/default.dic file:D:\javaworkspace\NewsCertify-Common\library\default.dic not found or can not to read, path: library/default.dic
2018-10-14 14:43:04,603 [main] WARN  util.MyStaticValue - not find library.properties in classpath use it by default !
2018-10-14 14:43:04,607 [main] ERROR library.AmbiguityLibrary - Init ambiguity library error :org.ansj.exception.LibraryException:  path :library/ambiguity.dic file:D:\javaworkspace\NewsCertify-Common\library\ambiguity.dic not found or can not to read, path: library/ambiguity.dic
2018-10-14 14:43:04,608 [main] ERROR library.DicLibrary - Init dic library error :org.ansj.exception.LibraryException:  path :library/default.dic file:D:\javaworkspace\NewsCertify-Common\library\default.dic not found or can not to read, path: library/default.dic
2018-10-14 14:45:24,267 [main] WARN  util.MyStaticValue - not find library.properties in classpath use it by default !
2018-10-14 14:45:24,270 [main] ERROR library.AmbiguityLibrary - Init ambiguity library error :org.ansj.exception.LibraryException:  path :library/ambiguity.dic file:D:\javaworkspace\NewsCertify-Common\library\ambiguity.dic not found or can not to read, path: library/ambiguity.dic
2018-10-14 14:45:24,271 [main] ERROR library.DicLibrary - Init dic library error :org.ansj.exception.LibraryException:  path :library/default.dic file:D:\javaworkspace\NewsCertify-Common\library\default.dic not found or can not to read, path: library/default.dic
2018-10-14 14:46:13,634 [main] WARN  util.MyStaticValue - not find library.properties in classpath use it by default !
2018-10-14 14:46:13,638 [main] ERROR library.AmbiguityLibrary - Init ambiguity library error :org.ansj.exception.LibraryException:  path :library/ambiguity.dic file:D:\javaworkspace\NewsCertify-Common\library\ambiguity.dic not found or can not to read, path: library/ambiguity.dic
2018-10-14 14:46:13,638 [main] ERROR library.DicLibrary - Init dic library error :org.ansj.exception.LibraryException:  path :library/default.dic file:D:\javaworkspace\NewsCertify-Common\library\default.dic not found or can not to read, path: library/default.dic
2018-10-14 14:46:28,054 [main] WARN  util.MyStaticValue - not find library.properties in classpath use it by default !
2018-10-14 14:46:28,057 [main] ERROR library.AmbiguityLibrary - Init ambiguity library error :org.ansj.exception.LibraryException:  path :library/ambiguity.dic file:D:\javaworkspace\NewsCertify-Common\library\ambiguity.dic not found or can not to read, path: library/ambiguity.dic
2018-10-14 14:46:28,058 [main] ERROR library.DicLibrary - Init dic library error :org.ansj.exception.LibraryException:  path :library/default.dic file:D:\javaworkspace\NewsCertify-Common\library\default.dic not found or can not to read, path: library/default.dic
2018-10-14 14:46:49,588 [main] WARN  util.MyStaticValue - not find library.properties in classpath use it by default !
2018-10-14 14:46:49,592 [main] ERROR library.AmbiguityLibrary - Init ambiguity library error :org.ansj.exception.LibraryException:  path :library/ambiguity.dic file:D:\javaworkspace\NewsCertify-Common\library\ambiguity.dic not found or can not to read, path: library/ambiguity.dic
2018-10-14 14:46:49,592 [main] ERROR library.DicLibrary - Init dic library error :org.ansj.exception.LibraryException:  path :library/default.dic file:D:\javaworkspace\NewsCertify-Common\library\default.dic not found or can not to read, path: library/default.dic
2018-10-14 14:47:10,667 [main] WARN  util.MyStaticValue - not find library.properties in classpath use it by default !
2018-10-14 14:47:10,672 [main] ERROR library.AmbiguityLibrary - Init ambiguity library error :org.ansj.exception.LibraryException:  path :library/ambiguity.dic file:D:\javaworkspace\NewsCertify-Common\library\ambiguity.dic not found or can not to read, path: library/ambiguity.dic
2018-10-14 14:47:10,673 [main] ERROR library.DicLibrary - Init dic library error :org.ansj.exception.LibraryException:  path :library/default.dic file:D:\javaworkspace\NewsCertify-Common\library\default.dic not found or can not to read, path: library/default.dic
2018-10-14 14:47:57,651 [main] WARN  util.MyStaticValue - not find library.properties in classpath use it by default !
2018-10-14 14:47:57,655 [main] ERROR library.AmbiguityLibrary - Init ambiguity library error :org.ansj.exception.LibraryException:  path :library/ambiguity.dic file:D:\javaworkspace\NewsCertify-Common\library\ambiguity.dic not found or can not to read, path: library/ambiguity.dic
2018-10-14 14:47:57,656 [main] ERROR library.DicLibrary - Init dic library error :org.ansj.exception.LibraryException:  path :library/default.dic file:D:\javaworkspace\NewsCertify-Common\library\default.dic not found or can not to read, path: library/default.dic
2018-10-14 14:48:53,724 [main] WARN  util.MyStaticValue - not find library.properties in classpath use it by default !
2018-10-14 14:48:53,727 [main] ERROR library.AmbiguityLibrary - Init ambiguity library error :org.ansj.exception.LibraryException:  path :library/ambiguity.dic file:D:\javaworkspace\NewsCertify-Common\library\ambiguity.dic not found or can not to read, path: library/ambiguity.dic
2018-10-14 14:48:53,728 [main] ERROR library.DicLibrary - Init dic library error :org.ansj.exception.LibraryException:  path :library/default.dic file:D:\javaworkspace\NewsCertify-Common\library\default.dic not found or can not to read, path: library/default.dic
2018-10-14 14:51:02,823 [main] WARN  util.MyStaticValue - not find library.properties in classpath use it by default !
2018-10-14 14:51:02,826 [main] ERROR library.AmbiguityLibrary - Init ambiguity library error :org.ansj.exception.LibraryException:  path :library/ambiguity.dic file:D:\javaworkspace\NewsCertify-Common\library\ambiguity.dic not found or can not to read, path: library/ambiguity.dic
2018-10-14 14:51:02,827 [main] ERROR library.DicLibrary - Init dic library error :org.ansj.exception.LibraryException:  path :library/default.dic file:D:\javaworkspace\NewsCertify-Common\library\default.dic not found or can not to read, path: library/default.dic
2018-10-14 14:53:05,236 [main] WARN  util.MyStaticValue - not find library.properties in classpath use it by default !
2018-10-14 14:53:05,240 [main] ERROR library.AmbiguityLibrary - Init ambiguity library error :org.ansj.exception.LibraryException:  path :library/ambiguity.dic file:D:\javaworkspace\NewsCertify-Common\library\ambiguity.dic not found or can not to read, path: library/ambiguity.dic
2018-10-14 14:53:05,240 [main] ERROR library.DicLibrary - Init dic library error :org.ansj.exception.LibraryException:  path :library/default.dic file:D:\javaworkspace\NewsCertify-Common\library\default.dic not found or can not to read, path: library/default.dic
2018-10-14 14:55:11,827 [main] WARN  util.MyStaticValue - not find library.properties in classpath use it by default !
2018-10-14 14:55:11,831 [main] ERROR library.AmbiguityLibrary - Init ambiguity library error :org.ansj.exception.LibraryException:  path :library/ambiguity.dic file:D:\javaworkspace\NewsCertify-Common\library\ambiguity.dic not found or can not to read, path: library/ambiguity.dic
2018-10-14 14:55:11,832 [main] ERROR library.DicLibrary - Init dic library error :org.ansj.exception.LibraryException:  path :library/default.dic file:D:\javaworkspace\NewsCertify-Common\library\default.dic not found or can not to read, path: library/default.dic
2018-10-14 14:55:59,668 [main] WARN  util.MyStaticValue - not find library.properties in classpath use it by default !
2018-10-14 14:55:59,675 [main] ERROR library.AmbiguityLibrary - Init ambiguity library error :org.ansj.exception.LibraryException:  path :library/ambiguity.dic file:D:\javaworkspace\NewsCertify-Common\library\ambiguity.dic not found or can not to read, path: library/ambiguity.dic
2018-10-14 14:55:59,676 [main] ERROR library.DicLibrary - Init dic library error :org.ansj.exception.LibraryException:  path :library/default.dic file:D:\javaworkspace\NewsCertify-Common\library\default.dic not found or can not to read, path: library/default.dic
2018-10-14 14:56:54,375 [main] WARN  util.MyStaticValue - not find library.properties in classpath use it by default !
2018-10-14 14:56:54,378 [main] ERROR library.AmbiguityLibrary - Init ambiguity library error :org.ansj.exception.LibraryException:  path :library/ambiguity.dic file:D:\javaworkspace\NewsCertify-Common\library\ambiguity.dic not found or can not to read, path: library/ambiguity.dic
2018-10-14 14:56:54,379 [main] ERROR library.DicLibrary - Init dic library error :org.ansj.exception.LibraryException:  path :library/default.dic file:D:\javaworkspace\NewsCertify-Common\library\default.dic not found or can not to read, path: library/default.dic
2018-10-14 15:01:13,944 [main] WARN  util.MyStaticValue - not find library.properties in classpath use it by default !
2018-10-14 15:01:13,948 [main] ERROR library.AmbiguityLibrary - Init ambiguity library error :org.ansj.exception.LibraryException:  path :library/ambiguity.dic file:D:\javaworkspace\NewsCertify-Common\library\ambiguity.dic not found or can not to read, path: library/ambiguity.dic
2018-10-14 15:01:13,949 [main] ERROR library.DicLibrary - Init dic library error :org.ansj.exception.LibraryException:  path :library/default.dic file:D:\javaworkspace\NewsCertify-Common\library\default.dic not found or can not to read, path: library/default.dic
2018-10-14 15:01:43,142 [main] WARN  util.MyStaticValue - not find library.properties in classpath use it by default !
2018-10-14 15:01:43,145 [main] ERROR library.AmbiguityLibrary - Init ambiguity library error :org.ansj.exception.LibraryException:  path :library/ambiguity.dic file:D:\javaworkspace\NewsCertify-Common\library\ambiguity.dic not found or can not to read, path: library/ambiguity.dic
2018-10-14 15:01:43,146 [main] ERROR library.DicLibrary - Init dic library error :org.ansj.exception.LibraryException:  path :library/default.dic file:D:\javaworkspace\NewsCertify-Common\library\default.dic not found or can not to read, path: library/default.dic
